<?xml version="1.0" encoding="UTF-8"?>
<!-- Generated by org.testng.reporters.JUnitXMLReporter -->
<testsuite ignored="0" hostname="DESKTOP-R1NCR26" failures="0" tests="3" name="Flipkart Title Test" time="24.727" errors="0" timestamp="2022-01-05T01:54:27 GMT-05:00">
  <testcase classname="VerboseConcept.verboseTestNGConcept" name="FlipkartTitletest1" time="0.096"/>
  <testcase classname="VerboseConcept.verboseTestNGConcept" name="FlipkartTitletest2" time="0.015"/>
  <testcase classname="VerboseConcept.verboseTestNGConcept" name="FlipkartTitletest3" time="0.029"/>
</testsuite> <!-- Flipkart Title Test -->
